<?xml version="1.0" encoding="UTF-8"?>
<!-- Generated by org.testng.reporters.JUnitReportReporter -->
<testsuite skipped="0" hostname="LAPTOP-MHUVFH4M" name="TestVagrant.TV.TVTest" tests="1" failures="0" timestamp="14 Oct 2020 10:02:25 GMT" time="203.832" errors="0">
  <testcase name="execute" time="203.832" classname="TestVagrant.TV.TVTest"/>
</testsuite> <!-- TestVagrant.TV.TVTest -->
